# JRE version: Java(TM) SE Runtime Environment (8.0-b132) (build 1.8.0-b132)
# Java VM: Java HotSpot(TM) 64-Bit Server VM (25.0-b70 mixed mode linux-amd64 compressed oops)
Heap:
 PSYoungGen      total 3584K, used 1153K [0x00000000d7780000, 0x00000000d7c80000, 0x0000000100000000)
  eden space 2048K, 12% used [0x00000000d7780000,0x00000000d77c0620,0x00000000d7980000)
  from space 1536K, 58% used [0x00000000d7b00000,0x00000000d7be0000,0x00000000d7c80000)
  to   space 1536K, 0% used [0x00000000d7980000,0x00000000d7980000,0x00000000d7b00000)
 ParOldGen       total 123392K, used 1756K [0x0000000086600000, 0x000000008de80000, 0x00000000d7780000)
  object space 123392K, 1% used [0x0000000086600000,0x00000000867b70b0,0x000000008de80000)
 Metaspace       used 13449K, capacity 13656K, committed 13824K, reserved 1060864K
  class space    used 1635K, capacity 1703K, committed 1792K, reserved 1048576K
GC Heap History (10 events):
Event: 0,415 GC heap before
{Heap before GC invocations=5 (full 1):
 PSYoungGen      total 1536K, used 1018K [0x00000000d7780000, 0x00000000d7980000, 0x0000000100000000)
  eden space 1024K, 99% used [0x00000000d7780000,0x00000000d787e8e8,0x00000000d7880000)
  from space 512K, 0% used [0x00000000d7880000,0x00000000d7880000,0x00000000d7900000)
  to   space 512K, 0% used [0x00000000d7900000,0x00000000d7900000,0x00000000d7980000)
 ParOldGen       total 123392K, used 712K [0x0000000086600000, 0x000000008de80000, 0x00000000d7780000)
  object space 123392K, 0% used [0x0000000086600000,0x00000000866b2090,0x000000008de80000)
 Metaspace       used 6168K, capacity 6362K, committed 6528K, reserved 1056768K
  class space    used 732K, capacity 769K, committed 896K, reserved 1048576K
Event: 0,418 GC heap after
Heap after GC invocations=5 (full 1):
 PSYoungGen      total 1536K, used 512K [0x00000000d7780000, 0x00000000d7a80000, 0x0000000100000000)
  eden space 1024K, 0% used [0x00000000d7780000,0x00000000d7780000,0x00000000d7880000)
  from space 512K, 100% used [0x00000000d7900000,0x00000000d7980000,0x00000000d7980000)
  to   space 512K, 0% used [0x00000000d7880000,0x00000000d7880000,0x00000000d7900000)
 ParOldGen       total 123392K, used 720K [0x0000000086600000, 0x000000008de80000, 0x00000000d7780000)
  object space 123392K, 0% used [0x0000000086600000,0x00000000866b4090,0x000000008de80000)
 Metaspace       used 6168K, capacity 6362K, committed 6528K, reserved 1056768K
  class space    used 732K, capacity 769K, committed 896K, reserved 1048576K
}
Event: 0,591 GC heap before
{Heap before GC invocations=6 (full 1):
 PSYoungGen      total 1536K, used 1536K [0x00000000d7780000, 0x00000000d7a80000, 0x0000000100000000)
  eden space 1024K, 100% used [0x00000000d7780000,0x00000000d7880000,0x00000000d7880000)
  from space 512K, 100% used [0x00000000d7900000,0x00000000d7980000,0x00000000d7980000)
  to   space 512K, 0% used [0x00000000d7880000,0x00000000d7880000,0x00000000d7900000)
 ParOldGen       total 123392K, used 720K [0x0000000086600000, 0x000000008de80000, 0x00000000d7780000)
  object space 123392K, 0% used [0x0000000086600000,0x00000000866b4090,0x000000008de80000)
 Metaspace       used 9348K, capacity 9568K, committed 9728K, reserved 1058816K
  class space    used 1091K, capacity 1155K, committed 1280K, reserved 1048576K
Event: 0,595 GC heap after
Heap after GC invocations=6 (full 1):
 PSYoungGen      total 1536K, used 512K [0x00000000d7780000, 0x00000000d7a80000, 0x0000000100000000)
  eden space 1024K, 0% used [0x00000000d7780000,0x00000000d7780000,0x00000000d7880000)
  from space 512K, 100% used [0x00000000d7880000,0x00000000d7900000,0x00000000d7900000)
  to   space 512K, 0% used [0x00000000d7a00000,0x00000000d7a00000,0x00000000d7a80000)
 ParOldGen       total 123392K, used 1160K [0x0000000086600000, 0x000000008de80000, 0x00000000d7780000)
  object space 123392K, 0% used [0x0000000086600000,0x00000000867220a0,0x000000008de80000)
 Metaspace       used 9348K, capacity 9568K, committed 9728K, reserved 1058816K
  class space    used 1091K, capacity 1155K, committed 1280K, reserved 1048576K
}
Event: 0,696 GC heap before
{Heap before GC invocations=7 (full 1):
 PSYoungGen      total 1536K, used 1536K [0x00000000d7780000, 0x00000000d7a80000, 0x0000000100000000)
  eden space 1024K, 100% used [0x00000000d7780000,0x00000000d7880000,0x00000000d7880000)
  from space 512K, 100% used [0x00000000d7880000,0x00000000d7900000,0x00000000d7900000)
  to   space 512K, 0% used [0x00000000d7a00000,0x00000000d7a00000,0x00000000d7a80000)
 ParOldGen       total 123392K, used 1160K [0x0000000086600000, 0x000000008de80000, 0x00000000d7780000)
  object space 123392K, 0% used [0x0000000086600000,0x00000000867220a0,0x000000008de80000)
 Metaspace       used 10916K, capacity 11142K, committed 11392K, reserved 1058816K
  class space    used 1321K, capacity 1380K, committed 1408K, reserved 1048576K
Event: 0,700 GC heap after
Heap after GC invocations=7 (full 1):
 PSYoungGen      total 1536K, used 512K [0x00000000d7780000, 0x00000000d7c80000, 0x0000000100000000)
  eden space 1024K, 0% used [0x00000000d7780000,0x00000000d7780000,0x00000000d7880000)
  from space 512K, 100% used [0x00000000d7a00000,0x00000000d7a80000,0x00000000d7a80000)
  to   space 1536K, 0% used [0x00000000d7880000,0x00000000d7880000,0x00000000d7a00000)
 ParOldGen       total 123392K, used 1740K [0x0000000086600000, 0x000000008de80000, 0x00000000d7780000)
  object space 123392K, 1% used [0x0000000086600000,0x00000000867b30b0,0x000000008de80000)
 Metaspace       used 10916K, capacity 11142K, committed 11392K, reserved 1058816K
  class space    used 1321K, capacity 1380K, committed 1408K, reserved 1048576K
}
Event: 0,922 GC heap before
{Heap before GC invocations=8 (full 1):
 PSYoungGen      total 1536K, used 1533K [0x00000000d7780000, 0x00000000d7c80000, 0x0000000100000000)
  eden space 1024K, 99% used [0x00000000d7780000,0x00000000d787f618,0x00000000d7880000)
  from space 512K, 100% used [0x00000000d7a00000,0x00000000d7a80000,0x00000000d7a80000)
  to   space 1536K, 0% used [0x00000000d7880000,0x00000000d7880000,0x00000000d7a00000)
 ParOldGen       total 123392K, used 1740K [0x0000000086600000, 0x000000008de80000, 0x00000000d7780000)
  object space 123392K, 1% used [0x0000000086600000,0x00000000867b30b0,0x000000008de80000)
 Metaspace       used 12581K, capacity 12754K, committed 12928K, reserved 1060864K
  class space    used 1524K, capacity 1574K, committed 1664K, reserved 1048576K
Event: 0,929 GC heap after
Heap after GC invocations=8 (full 1):
 PSYoungGen      total 2560K, used 882K [0x00000000d7780000, 0x00000000d7c80000, 0x0000000100000000)
  eden space 1024K, 0% used [0x00000000d7780000,0x00000000d7780000,0x00000000d7880000)
  from space 1536K, 57% used [0x00000000d7880000,0x00000000d795c820,0x00000000d7a00000)
  to   space 1536K, 0% used [0x00000000d7b00000,0x00000000d7b00000,0x00000000d7c80000)
 ParOldGen       total 123392K, used 1748K [0x0000000086600000, 0x000000008de80000, 0x00000000d7780000)
  object space 123392K, 1% used [0x0000000086600000,0x00000000867b50b0,0x000000008de80000)
 Metaspace       used 12581K, capacity 12754K, committed 12928K, reserved 1060864K
  class space    used 1524K, capacity 1574K, committed 1664K, reserved 1048576K
}
Event: 379,715 GC heap before
{Heap before GC invocations=9 (full 1):
 PSYoungGen      total 2560K, used 1906K [0x00000000d7780000, 0x00000000d7c80000, 0x0000000100000000)
  eden space 1024K, 100% used [0x00000000d7780000,0x00000000d7880000,0x00000000d7880000)
  from space 1536K, 57% used [0x00000000d7880000,0x00000000d795c820,0x00000000d7a00000)
  to   space 1536K, 0% used [0x00000000d7b00000,0x00000000d7b00000,0x00000000d7c80000)
 ParOldGen       total 123392K, used 1748K [0x0000000086600000, 0x000000008de80000, 0x00000000d7780000)
  object space 123392K, 1% used [0x0000000086600000,0x00000000867b50b0,0x000000008de80000)
 Metaspace       used 13271K, capacity 13496K, committed 13824K, reserved 1060864K
  class space    used 1621K, capacity 1671K, committed 1792K, reserved 1048576K
Event: 379,722 GC heap after
Heap after GC invocations=9 (full 1):
 PSYoungGen      total 3584K, used 896K [0x00000000d7780000, 0x00000000d7c80000, 0x0000000100000000)
  eden space 2048K, 0% used [0x00000000d7780000,0x00000000d7780000,0x00000000d7980000)
  from space 1536K, 58% used [0x00000000d7b00000,0x00000000d7be0000,0x00000000d7c80000)
  to   space 1536K, 0% used [0x00000000d7980000,0x00000000d7980000,0x00000000d7b00000)
 ParOldGen       total 123392K, used 1756K [0x0000000086600000, 0x000000008de80000, 0x00000000d7780000)
  object space 123392K, 1% used [0x0000000086600000,0x00000000867b70b0,0x000000008de80000)
 Metaspace       used 13271K, capacity 13496K, committed 13824K, reserved 1060864K
  class space    used 1621K, capacity 1671K, committed 1792K, reserved 1048576K
}

